5616677351,
5614858433,
5615869888,
5614714457,
5619769333,
5619647774,
5614786795,
5619744199,
5618645137,
5616914758,
5616667133,
5615945674,
5616911621,
5615853684,
5615938591,
5616417724,
5616677373,
5616945157,
5619873456,
5619831869,
5618956315,
5616914654,
5615653159,
5618954116,
5616966817,
5618956315,
5615937995,
5613917133,
5619439466,
5613613131,
5614795387,
5614733337,
5616985359,
5619439461,
5615853684,
5619840001,
5614873133,
5615853684,
5613967813,
5614786934,
5613643478,
5618983175,
5616816839,
5613656639,
5615963976,
5616667134,
5614873134,
5616695198,
5615955997,
5614854416,
5613643175,
5614788353,
5616921415,
5615873395,
5615749433,
5619843437,
5619813471,
5614975479,
5617755983,
5616744552,
5617671652,
5614854987,
5613716893,
5618684555,
5618759381,
5617653673,
5614654315,
5613714497,
5618759381,
5616744551,
5614616456,
5618786156,
5613669485,
5618473118,
1111111111,
1111111111,
1111111111,
1111111111,
1111915114,
1111933511,
1113644815,
1113839611,
1113839611,
1114718113,
1115637911,
1116734411,
1117645971,
1117645981,
1118655834,
1118916341,
1119618961,
1119753914,
1119754711,
1119933567,
1119933567,
1119974581,
1131656314,
1131665161,
1131673911,
1133915614,
1135715917,
1135717911,
1135818111,
1135818311,
1136746611,
1137614463,
1138614611,
1139617911,
1139619661,
1139739961,
1143914461,
1144847711,
1145778111,
1146917611,
1146933413,
1146938811,
1148839511,
1148866613,
1148953119,
1151853913,
1151858563,
1151894361,
1153655663,
1153966911,
1154657511,
1154713611,
1154716389,
1154717413,
1154735866,
1154743141,
1154753411,
1154763141,
1154768511,
1154834463,
1154834463,
1154835661,
1154913411,
1154913711,
1154915413,
1154933881,
1154973114,
1155694163,
1155696311,
1155696511,
1155715611,
1156814411,
1156836483,
1156838141,
1157913781,
1157943811,
1158673611,
1158696513,
1158813131,
1158864611,
1159753499,
1159753511,
1159794411,
1159935911,
1166618151,
1166643513,
1166996463,
1167695814,
1167846561,
1168713133,
1168818461,
1168883961,
1168979143,
1168984941,
1169634491,
1169674693,
1169918513,
1171754711,
1171836411,
1171913641,
1171933441,
1171985811,
1171985913,
1173763314,
1174613361,
1174915331,
1175767414,
1175794911,
1175816191,
1175885461,
1175973311,
5616677351,
5614858433,
