5616677351,
5614858433,
5615869888,
5614714457,
5619769333,
5619647774,
5614786795,
5619744199,
5618645137,
5616914758,
5616667133,
5615945674,
5616911621,
5615853684,
5615938591,
5616417724,
5616677373,
5616945157,
5619873456,
5619831869,
5618956315,
5616914654,
5615653159,
5618954116,
5616966817,
5618956315,
5615937995,
5613917133,
5619439466,
5613613131,
5614795387,
5614733337,
5616985359,
5619439461,
5615853684,
5619840001,
5614873133,
5615853684,
5613967813,
5614786934,
5613643478,
5618983175,
5616816839,
5613656639,
5615963976,
5616667134,
5614873134,
5616695198,
5615955997,
5614854416,
5613643175,
5614788353,
5616921415,
5615873395,
5615749433,
5619843437,
5619813471,
5614975479,
5617755983,
5616744552,
5617671652,
5614854987,
5613716893,
5618684555,
5618759381,
5617653673,
5614654315,
5613714497,
5618759381,
5616744551,
5614616456,
5618786156,
5613669485,
5618473118,
5617653715,
5613813886,
5614693911,
5614968311,
5613785154,
5614634443,
5617753573,
5614634443,
5617665941,
5613663764,
5613676719,
5614645576,
5617875199,
5666113319,
5668115711,
5698136868,
5698136874,
5698136872,
5698138751,
5698130003,
5698164111,
5658115437,
5658110088,
5671755589,
5671636144,
5671633167,
5671113884,
5671814876,
5691947977,
5691854554,
5691813512,
5691963111,
5691876583,
5691983849,
5691746519,
5691793538,
5691863786,
5691151936,
5691964699,
5691667394,
5691775915,
5691838611,
5691986699,
5691838611,
5691935415,
5681873397,
5681875119,
5681654956,
5681654871,
5681965448,
5681757681,
5681714514,
5681775893,
5681964511,
5681758194,
5681947789,
5681745633,
5681946651,
5681755714,
5681756916,
5681965446,
5681854791,
5681943915,
5681734178,
5681854833,
5681854349,
5681673991,
5681964511,
5681913668,
5681873763,
5681757681,
5681748713,
5681846538,
5681714514,
5681714514,
5681755649,
5681755649,
5687114169,
5687137636,
5687114196,
5687143547,
5687146351,
5678137635,
5641365395,
5641366537,
5641384770,
5689116197,
5689116414,
5675146337,
5675146349,
5675135541,
5675119473,
5675146345,
5675118574,
5685114438,
5685133318,
5661943174,
5661661588,
5661857711,
5661967599,
5661811490,
5661835893,
5661916111,
5661813165,
5661863868,
5661816536,
5661664717,
5661877491,
5661753185,
5661744516,
5661967594,
5661754485,
5661975859,
5661865363,
5661835844,
5661764547,
5661881816,
5661943851,
5661811599,
5661636757,
5661916519,
5661863869,
5661615833,
5661636770,
5661615831,
5661754486,
5661916519,
5661993563,
5661743411,
5661835893,
5661943174,
5661631737,
5661877146,
5661744515,
5661865385,
5661644111,
5661634694,
5661877490,
5661615833,
5661187886,
5661835831,
5661634694,
5661831137,
5661764548,
5661858366,
5661813179,
5661916519,
5661187884,
5661863868,
5661615831,
5651614464,
5651858143,
5651834165,
5651686534,
5651858143,
5651694376,
5651764564,
5651838448,
5651763419,
5651653137,
5651933141,
5651814714,
5651657964,
5651696317,
5651813343,
5651673358,
5651837175,
5631843115,
5631148133,
5631663201,
5631119175,
5631843115,
5631136111,
5635143517,
5631953347,
5631614965,
5643117131,
5641633347,
5643116567,
5646139368,
8136993161,
8195192038,
8194811537,
8194811437,
8136883534,
8195846759,
8194811637,
8189674375,
8138693382,
8196837892,
8194683111,
8187134374,
8189173509,
8187134371,
8187863866,
8195192037,
8187894653,
8196111115,
8196153765,
8139689331,
8195887311,
8189118731,
8187965367,
8195834811,
8196875471,
8137685362,
8187937743,
8195734762,
8195181556,
8194814545,
8196669120,
8187994496,
8189173499,
8194894476,
8139945456,
8189173514,
8187965361,
8189838096,
8196149565,
8187743351,
8196835816,
8443149375,
8381965371,
8443119953,
8381638961,
8381933131,
8381933132,
8133847795,
8185853311,
8186873131,
8133847795,
8183914649,
8186873131,
8188845136,
8183784111,
8184688481,
8186957967,
8188618631,
8186733965,
8184757661,
8135794691,
8188616464,
8188617791,
8188996671,
8133817111,
8185636196,
8135798337,
8183854863,
8135614836,
8186837831,
8188767591,
8186676661,
8184917398,
8154769781,
8159965443,
8154918441,
8153734885,
8159954599,
8158785533,
8143985411,
8144653714,
8154888313,
8154964439,
8154888313,
8158638143,
8157774811,
8154864534,
8158947881,
8157776113,
8143754571,
8154993491,
8153865643,
8154994765,
8157683464,
8158864147,
8157755669,
8146754561,
8158989531,
8144865367,
8154836894,
8154778447,
8158617145,
8158944333,
8158153139,
8158699411,
8154986467,
8157896833,
8158145781,
8157633771,
8153976798,
8158137914,
8157995396,
8157983841,
8158989561,
8153893946,
8154684417,
8144733731,
8157767911,
8154764473,
8158675571,
8144653714,
8154717911,
8144956151,
8143985411,
8145845476,
8154616911,
8154994641,
8158953594,
8158835813,
8143754571,
8154643763,
8163893119,
8144814871,
8158636874,
8143993431,
8146735671,
8159954419,
8168844161,
8174985336,
8179914387,
8165774483,
8165865761,
8143199717,
8165915193,
8177934986,
8166895933,
8174996581,
8145147846,
8165666771,
8143135117,
8165913611,
8145146853,
8166895891,
8176964167,
8166774361,
8176673881,
8175934381,
8174867964,
8143153653,
8174833168,
8169856559,
8143185113,
8144179763,
8173655311,
8179977973,
8143183669,
8143197988,
8168675781,
8175997161,
8175979586,
8164797763,
8166665331,
8175936171,
8168614663,
8179937385,
8177973931,
8175893111,
8175658591,
8173675371,
8164676453,
8177754811,
8174716894,
8165755961,
8174745633,
8173973394,
8143155553,
8175917614,
8175644831,
8143179914,
8143176564,
8173695543,
8164664183,
8173877961,
8174673554,
8163713743,
8143175717,
8143153653,
8143114814,
8179934989,
8168948464,
8166634131,
8143168675,
8175794791,
8179948535,
8163877353,
8174958583,
8164797841,
8175745511,
8164794351,
8163993143,
8143187553,
8143194934,
8163993348,
8173936451,
8174973312,
8175744131,
8174765676,
8166663554,
8174773111,
8168666781,
8168844143,
8178734617,
8175795581,
8143146361,
8174773111,
8169833111,
8178745314,
8145157700,
8174748868,
8175994861,
8178855846,
8179663417,
8177835967,
8178683437,
8177817575,
8174896985,
8164776494,
8174660001,
8179967851,
8143168845,
8145116974,
8174603881,
8776956885,
8179689517,
8165755931,
8169644783,
8165713575,
8177778373,
8175755367,
8178714131,
8174773111,
8179994458,
8176766141,
8174835133,
8145147846,
8143184943,
8177953871,
8175916875,
8145135540,
8144115673,
8178638969,
8179944988,
8165633331,
8178855846,
8145138595,
8175679711,
8179948556,
8179948554,
8143318357,
8173975433,
8145133889,
8143318179,
8173876941,
8173936471,
8176895986,
8145115814,
8179663358,
8145147845,
8173914784,
8164783666,
8166744913,
8175613681,
8168763681,
8166774561,
8176913847,
8164735735,
8145157078,
8179663355,
8179911111,
8145135350,
8145135590,
8196734719,
8169644854,
8173756795,
8174943840,
8175933796,
8179994458,
8177958411,
8174773115,
8174675561,
8174673471,
8179663448,
8169745731,
8169734755,
8169337793,
8177817511,
8176666561,
8174973131,
8168665141,
8143199631,
8143167895,
8168645731,
8174743331,
8169857611,
8173766331,
8173656691,
8175876794,
8173743681,
8173718171,
8173676141,
8168694973,
8176663633,
8168634993,
8165666957,
8164765741,
8164765891,
8165754861,
8175934331,
8175934371,
8176675611,
8176738133,
8168764944,
8168634993,
8164677171,
8163993851,
8169653848,
8168964191,
8174673554,
8168977891,
8179937389,
8173973161,
8165875891,
8173994391,
8166745893,
8176654851,
8179953756,
8173966761,
8173966691,
8166714941,
