561755413,
561573589,
56149,
561475493,
561366376,
561593683,
561985656,
561976349,
561566,
-,
561473,
561578851,
561477,
561576,
561976,
561683113,
561665399,
561479464,
-,
561566533,
-,
561984819,
-,
-,
561479369,
-,
-,
-,
561974538,
561576344,
561575163,
561593719,
561487,
-,
-,
561473,
561476758,
-,
561575318,
-,
561577,
561575318,
-,
561395388,
-,
-,
-,
561511311,
561478664,
-,
561696685,
-,
-,
515735897,
-,
561983363,
-,
561577749,
-,
-,
-,
-,
-,
-,
561575153,
561684,
561977611,
561973613,
-,
-,
-,
-,
561365663,
561391,
561934639,
-,
561698499,
561669339,
561694515,
561396781,
561684113,
561976,
-,
-,
-,
-,
-,
-,
-,
-,
-,
-,
-,
561474,
-,
